<?xml version="1.0" encoding="UTF-8"?>
<testng-results ignored="0" total="1" passed="1" failed="0" skipped="0">
  <reporter-output>
  </reporter-output>
  <suite started-at="2025-02-22T13:50:37 IST" name="Default suite" finished-at="2025-02-22T13:50:47 IST" duration-ms="9220">
    <groups>
      <group name="cucumber">
        <method signature="AbstractTestNGCucumberTests.runScenario(io.cucumber.testng.PickleWrapper,io.cucumber.testng.FeatureWrapper)[pri:0, instance:Cucumber.TestNgTestRunner@77fbd92c]" name="runScenario" class="io.cucumber.testng.AbstractTestNGCucumberTests"/>
      </group> <!-- cucumber -->
    </groups>
    <test started-at="2025-02-22T13:50:37 IST" name="Default test" finished-at="2025-02-22T13:50:47 IST" duration-ms="9220">
      <class name="Cucumber.TestNgTestRunner">
        <test-method is-config="true" signature="setUpClass(org.testng.ITestContext)[pri:0, instance:Cucumber.TestNgTestRunner@77fbd92c]" started-at="2025-02-22T13:50:37 IST" name="setUpClass" finished-at="2025-02-22T13:50:38 IST" duration-ms="481" status="PASS">
          <params>
            <param index="0">
              <value>
                <![CDATA[org.testng.TestRunner@3c46dcbe]]>
              </value>
            </param>
          </params>
          <reporter-output>
          </reporter-output>
        </test-method> <!-- setUpClass -->
        <test-method signature="runScenario(io.cucumber.testng.PickleWrapper,io.cucumber.testng.FeatureWrapper)[pri:0, instance:Cucumber.TestNgTestRunner@77fbd92c]" started-at="2025-02-22T13:50:38 IST" name="runScenario" description="Runs Cucumber Scenarios" data-provider="scenarios" finished-at="2025-02-22T13:50:46 IST" duration-ms="8654" status="PASS">
          <params>
            <param index="0">
              <value>
                <![CDATA["Postive case of purchase order"]]>
              </value>
            </param>
            <param index="1">
              <value>
                <![CDATA["To create a purchase order in an e-commerce application"]]>
              </value>
            </param>
          </params>
          <reporter-output>
          </reporter-output>
        </test-method> <!-- runScenario -->
        <test-method is-config="true" signature="tearDownClass()[pri:0, instance:Cucumber.TestNgTestRunner@77fbd92c]" started-at="2025-02-22T13:50:46 IST" name="tearDownClass" finished-at="2025-02-22T13:50:47 IST" duration-ms="50" status="PASS">
          <reporter-output>
          </reporter-output>
        </test-method> <!-- tearDownClass -->
      </class> <!-- Cucumber.TestNgTestRunner -->
    </test> <!-- Default test -->
  </suite> <!-- Default suite -->
</testng-results>
